<testsuite name="api_get_users.GET users - lista paginada" tests="3" errors="0" failures="0" skipped="0" time="0.51329" timestamp="2025-09-10T14:48:46.005574" hostname="dbHomeStudio"><testcase classname="api_get_users.GET users - lista paginada" name="Status 200, tempo e headers válidos" status="passed" time="0.157075"><system-out>
<![CDATA[
@scenario.begin

  @smoke @get
  Scenario: Status 200, tempo e headers válidos
    Given the API base url ... passed in 0.000s
    When I send a GET request to "/api/users?page=2" ... passed in 0.157s
    Then the response status code should be 200 ... passed in 0.001s
    And the response time should be less than 1500 ms ... passed in 0.000s
    And the response header "Content-Type" should contain "application/json" ... passed in 0.000s

@scenario.end
--------------------------------------------------------------------------------
]]>
</system-out></testcase><testcase classname="api_get_users.GET users - lista paginada" name="Corpo segue o contrato (lista de usuários)" status="passed" time="0.162194"><system-out>
<![CDATA[
@scenario.begin

  @contract @get
  Scenario: Corpo segue o contrato (lista de usuários)
    Given the API base url ... passed in 0.000s
    When I send a GET request to "/api/users?page=2" ... passed in 0.155s
    Then the response body should match schema "api_contracts/users_list.schema.json" ... passed in 0.007s

@scenario.end
--------------------------------------------------------------------------------
]]>
</system-out></testcase><testcase classname="api_get_users.GET users - lista paginada" name="Campos principais do corpo existem e têm tipos esperados" status="passed" time="0.194021"><system-out>
<![CDATA[
@scenario.begin

  @body @get
  Scenario: Campos principais do corpo existem e têm tipos esperados
    Given the API base url ... passed in 0.000s
    When I send a GET request to "/api/users?page=2" ... passed in 0.194s
    Then the json path "$.page" should be an integer ... passed in 0.000s
    And the json path "$.data" should be an array ... passed in 0.000s
    And the json path "$.data[0].email" should contain "@" ... passed in 0.001s

@scenario.end
--------------------------------------------------------------------------------
]]>
</system-out></testcase></testsuite>